/*C5*/SET SCHEMA PUBLIC
CONNECT USER SA
DISCONNECT
/*C6*/SET SCHEMA PUBLIC
CONNECT USER SA
/*C7*/SET SCHEMA PUBLIC
CONNECT USER SA
/*C8*/SET SCHEMA PUBLIC
CONNECT USER SA
/*C7*/SET AUTOCOMMIT FALSE
SET AUTOCOMMIT TRUE
SET AUTOCOMMIT FALSE
DELETE FROM MAINCATEGORY WHERE ID=2
DELETE FROM MAINCATEGORY WHERE ID=1
INSERT INTO MAINCATEGORY VALUES(1,0,'inmuebles')
INSERT INTO MAINCATEGORY VALUES(2,0,'medio de transporte')
DELETE FROM MAINCATEGORY WHERE ID=1
INSERT INTO MAINCATEGORY VALUES(1,5,'inmuebles')
DELETE FROM MAINCATEGORY WHERE ID=2
INSERT INTO MAINCATEGORY VALUES(2,1,'medio de transporte')
DELETE FROM SUBCATEGORY WHERE ID=6
DELETE FROM SUBCATEGORY WHERE ID=5
DELETE FROM SUBCATEGORY WHERE ID=4
DELETE FROM SUBCATEGORY WHERE ID=3
DELETE FROM SUBCATEGORY WHERE ID=2
DELETE FROM SUBCATEGORY WHERE ID=1
INSERT INTO SUBCATEGORY VALUES(1,0,'casa',1)
INSERT INTO SUBCATEGORY VALUES(2,0,'residencias',1)
INSERT INTO SUBCATEGORY VALUES(3,0,'residencias / mansiones',1)
INSERT INTO SUBCATEGORY VALUES(4,0,'automotores',2)
INSERT INTO SUBCATEGORY VALUES(5,0,'motos',2)
INSERT INTO SUBCATEGORY VALUES(6,0,'bicicletas',2)
DELETE FROM SUBCATEGORY WHERE ID=1
INSERT INTO SUBCATEGORY VALUES(1,2,'casa',1)
DELETE FROM SUBCATEGORY WHERE ID=2
INSERT INTO SUBCATEGORY VALUES(2,2,'residencias',1)
DELETE FROM SUBCATEGORY WHERE ID=3
INSERT INTO SUBCATEGORY VALUES(3,1,'residencias / mansiones',1)
DELETE FROM SUBCATEGORY WHERE ID=5
INSERT INTO SUBCATEGORY VALUES(5,1,'motos',2)
COMMIT
SET AUTOCOMMIT TRUE
/*C8*/SET AUTOCOMMIT FALSE
SET AUTOCOMMIT TRUE
SET AUTOCOMMIT FALSE
SET AUTOCOMMIT TRUE
SET AUTOCOMMIT FALSE
SET AUTOCOMMIT TRUE
SET AUTOCOMMIT FALSE
SET AUTOCOMMIT TRUE
SET AUTOCOMMIT FALSE
INSERT INTO AD VALUES(7,'','Content 0]\u000d\u000a\u000d\u000a\u000d\u000a211221\u000d\u000a','','fd@fd.com',0,'',0,0,'1230','2010-11-07',NULL,0,99.77,'Title 0ww22','',NULL,1,3,NULL)
COMMIT
SET AUTOCOMMIT TRUE
SET AUTOCOMMIT FALSE
SET AUTOCOMMIT TRUE
SET AUTOCOMMIT FALSE
SET AUTOCOMMIT TRUE
SET AUTOCOMMIT FALSE
SET AUTOCOMMIT TRUE
SET AUTOCOMMIT FALSE
DELETE FROM MAINCATEGORY WHERE ID=2
DELETE FROM MAINCATEGORY WHERE ID=1
INSERT INTO MAINCATEGORY VALUES(1,0,'inmuebles')
INSERT INTO MAINCATEGORY VALUES(2,0,'medio de transporte')
DELETE FROM MAINCATEGORY WHERE ID=1
INSERT INTO MAINCATEGORY VALUES(1,6,'inmuebles')
DELETE FROM MAINCATEGORY WHERE ID=2
INSERT INTO MAINCATEGORY VALUES(2,1,'medio de transporte')
DELETE FROM SUBCATEGORY WHERE ID=6
DELETE FROM SUBCATEGORY WHERE ID=5
DELETE FROM SUBCATEGORY WHERE ID=4
DELETE FROM SUBCATEGORY WHERE ID=3
DELETE FROM SUBCATEGORY WHERE ID=2
DELETE FROM SUBCATEGORY WHERE ID=1
INSERT INTO SUBCATEGORY VALUES(1,0,'casa',1)
INSERT INTO SUBCATEGORY VALUES(2,0,'residencias',1)
INSERT INTO SUBCATEGORY VALUES(3,0,'residencias / mansiones',1)
INSERT INTO SUBCATEGORY VALUES(4,0,'automotores',2)
INSERT INTO SUBCATEGORY VALUES(5,0,'motos',2)
INSERT INTO SUBCATEGORY VALUES(6,0,'bicicletas',2)
DELETE FROM SUBCATEGORY WHERE ID=1
INSERT INTO SUBCATEGORY VALUES(1,2,'casa',1)
DELETE FROM SUBCATEGORY WHERE ID=2
INSERT INTO SUBCATEGORY VALUES(2,2,'residencias',1)
DELETE FROM SUBCATEGORY WHERE ID=3
INSERT INTO SUBCATEGORY VALUES(3,2,'residencias / mansiones',1)
DELETE FROM SUBCATEGORY WHERE ID=5
INSERT INTO SUBCATEGORY VALUES(5,1,'motos',2)
COMMIT
SET AUTOCOMMIT TRUE
SET AUTOCOMMIT FALSE
SET AUTOCOMMIT TRUE
SET AUTOCOMMIT FALSE
SET AUTOCOMMIT TRUE
SET AUTOCOMMIT FALSE
SET AUTOCOMMIT TRUE
SET AUTOCOMMIT FALSE
SET AUTOCOMMIT TRUE
SET AUTOCOMMIT FALSE
DELETE FROM MAINCATEGORY WHERE ID=2
DELETE FROM MAINCATEGORY WHERE ID=1
INSERT INTO MAINCATEGORY VALUES(1,0,'inmuebles')
INSERT INTO MAINCATEGORY VALUES(2,0,'medio de transporte')
DELETE FROM MAINCATEGORY WHERE ID=1
INSERT INTO MAINCATEGORY VALUES(1,6,'inmuebles')
DELETE FROM MAINCATEGORY WHERE ID=2
INSERT INTO MAINCATEGORY VALUES(2,1,'medio de transporte')
DELETE FROM SUBCATEGORY WHERE ID=6
DELETE FROM SUBCATEGORY WHERE ID=5
DELETE FROM SUBCATEGORY WHERE ID=4
DELETE FROM SUBCATEGORY WHERE ID=3
DELETE FROM SUBCATEGORY WHERE ID=2
DELETE FROM SUBCATEGORY WHERE ID=1
INSERT INTO SUBCATEGORY VALUES(1,0,'casa',1)
INSERT INTO SUBCATEGORY VALUES(2,0,'residencias',1)
INSERT INTO SUBCATEGORY VALUES(3,0,'residencias / mansiones',1)
INSERT INTO SUBCATEGORY VALUES(4,0,'automotores',2)
INSERT INTO SUBCATEGORY VALUES(5,0,'motos',2)
INSERT INTO SUBCATEGORY VALUES(6,0,'bicicletas',2)
DELETE FROM SUBCATEGORY WHERE ID=1
INSERT INTO SUBCATEGORY VALUES(1,2,'casa',1)
DELETE FROM SUBCATEGORY WHERE ID=2
INSERT INTO SUBCATEGORY VALUES(2,2,'residencias',1)
DELETE FROM SUBCATEGORY WHERE ID=3
INSERT INTO SUBCATEGORY VALUES(3,2,'residencias / mansiones',1)
DELETE FROM SUBCATEGORY WHERE ID=5
INSERT INTO SUBCATEGORY VALUES(5,1,'motos',2)
COMMIT
SET AUTOCOMMIT TRUE
SET AUTOCOMMIT FALSE
INSERT INTO AD VALUES(8,'','Content 1','','ibm@ibeaem.kohm',0,'',0,0,'1231','2010-11-07',NULL,0,99.77,'Title 133','',NULL,1,2,NULL)
COMMIT
SET AUTOCOMMIT TRUE
SET AUTOCOMMIT FALSE
SET AUTOCOMMIT TRUE
SET AUTOCOMMIT FALSE
SET AUTOCOMMIT TRUE
SET AUTOCOMMIT FALSE
SET AUTOCOMMIT TRUE
SET AUTOCOMMIT FALSE
DELETE FROM MAINCATEGORY WHERE ID=2
DELETE FROM MAINCATEGORY WHERE ID=1
INSERT INTO MAINCATEGORY VALUES(1,0,'inmuebles')
INSERT INTO MAINCATEGORY VALUES(2,0,'medio de transporte')
DELETE FROM MAINCATEGORY WHERE ID=1
INSERT INTO MAINCATEGORY VALUES(1,7,'inmuebles')
DELETE FROM MAINCATEGORY WHERE ID=2
INSERT INTO MAINCATEGORY VALUES(2,1,'medio de transporte')
DELETE FROM SUBCATEGORY WHERE ID=6
DELETE FROM SUBCATEGORY WHERE ID=5
DELETE FROM SUBCATEGORY WHERE ID=4
DELETE FROM SUBCATEGORY WHERE ID=3
DELETE FROM SUBCATEGORY WHERE ID=2
DELETE FROM SUBCATEGORY WHERE ID=1
INSERT INTO SUBCATEGORY VALUES(1,0,'casa',1)
INSERT INTO SUBCATEGORY VALUES(2,0,'residencias',1)
INSERT INTO SUBCATEGORY VALUES(3,0,'residencias / mansiones',1)
INSERT INTO SUBCATEGORY VALUES(4,0,'automotores',2)
INSERT INTO SUBCATEGORY VALUES(5,0,'motos',2)
INSERT INTO SUBCATEGORY VALUES(6,0,'bicicletas',2)
DELETE FROM SUBCATEGORY WHERE ID=1
INSERT INTO SUBCATEGORY VALUES(1,2,'casa',1)
DELETE FROM SUBCATEGORY WHERE ID=2
INSERT INTO SUBCATEGORY VALUES(2,3,'residencias',1)
DELETE FROM SUBCATEGORY WHERE ID=3
INSERT INTO SUBCATEGORY VALUES(3,2,'residencias / mansiones',1)
DELETE FROM SUBCATEGORY WHERE ID=5
INSERT INTO SUBCATEGORY VALUES(5,1,'motos',2)
COMMIT
SET AUTOCOMMIT TRUE
SET AUTOCOMMIT FALSE
SET AUTOCOMMIT TRUE
SET AUTOCOMMIT FALSE
SET AUTOCOMMIT TRUE
SET AUTOCOMMIT FALSE
SET AUTOCOMMIT TRUE
SET AUTOCOMMIT FALSE
SET AUTOCOMMIT TRUE
SET AUTOCOMMIT FALSE
SET AUTOCOMMIT TRUE
SET AUTOCOMMIT FALSE
INSERT INTO AD VALUES(9,'','Content 2','','fd@fd.com',0,'',0,0,'1232','2010-11-07',NULL,1,99.77,'Title 2','',NULL,2,6,NULL)
COMMIT
SET AUTOCOMMIT TRUE
SET AUTOCOMMIT FALSE
SET AUTOCOMMIT TRUE
SET AUTOCOMMIT FALSE
DELETE FROM MAINCATEGORY WHERE ID=2
DELETE FROM MAINCATEGORY WHERE ID=1
INSERT INTO MAINCATEGORY VALUES(1,0,'inmuebles')
INSERT INTO MAINCATEGORY VALUES(2,0,'medio de transporte')
DELETE FROM MAINCATEGORY WHERE ID=1
INSERT INTO MAINCATEGORY VALUES(1,7,'inmuebles')
DELETE FROM MAINCATEGORY WHERE ID=2
INSERT INTO MAINCATEGORY VALUES(2,2,'medio de transporte')
DELETE FROM SUBCATEGORY WHERE ID=6
DELETE FROM SUBCATEGORY WHERE ID=5
DELETE FROM SUBCATEGORY WHERE ID=4
DELETE FROM SUBCATEGORY WHERE ID=3
DELETE FROM SUBCATEGORY WHERE ID=2
DELETE FROM SUBCATEGORY WHERE ID=1
INSERT INTO SUBCATEGORY VALUES(1,0,'casa',1)
INSERT INTO SUBCATEGORY VALUES(2,0,'residencias',1)
INSERT INTO SUBCATEGORY VALUES(3,0,'residencias / mansiones',1)
INSERT INTO SUBCATEGORY VALUES(4,0,'automotores',2)
INSERT INTO SUBCATEGORY VALUES(5,0,'motos',2)
INSERT INTO SUBCATEGORY VALUES(6,0,'bicicletas',2)
DELETE FROM SUBCATEGORY WHERE ID=1
INSERT INTO SUBCATEGORY VALUES(1,2,'casa',1)
DELETE FROM SUBCATEGORY WHERE ID=2
INSERT INTO SUBCATEGORY VALUES(2,3,'residencias',1)
DELETE FROM SUBCATEGORY WHERE ID=3
INSERT INTO SUBCATEGORY VALUES(3,2,'residencias / mansiones',1)
DELETE FROM SUBCATEGORY WHERE ID=5
INSERT INTO SUBCATEGORY VALUES(5,1,'motos',2)
DELETE FROM SUBCATEGORY WHERE ID=6
INSERT INTO SUBCATEGORY VALUES(6,1,'bicicletas',2)
COMMIT
SET AUTOCOMMIT TRUE
SET AUTOCOMMIT FALSE
SET AUTOCOMMIT TRUE
SET AUTOCOMMIT FALSE
SET AUTOCOMMIT TRUE
SET AUTOCOMMIT FALSE
SET AUTOCOMMIT TRUE
SET AUTOCOMMIT FALSE
DELETE FROM MAINCATEGORY WHERE ID=2
DELETE FROM MAINCATEGORY WHERE ID=1
INSERT INTO MAINCATEGORY VALUES(1,0,'inmuebles')
INSERT INTO MAINCATEGORY VALUES(2,0,'medio de transporte')
DELETE FROM MAINCATEGORY WHERE ID=1
INSERT INTO MAINCATEGORY VALUES(1,7,'inmuebles')
DELETE FROM MAINCATEGORY WHERE ID=2
INSERT INTO MAINCATEGORY VALUES(2,2,'medio de transporte')
DELETE FROM SUBCATEGORY WHERE ID=6
DELETE FROM SUBCATEGORY WHERE ID=5
DELETE FROM SUBCATEGORY WHERE ID=4
DELETE FROM SUBCATEGORY WHERE ID=3
DELETE FROM SUBCATEGORY WHERE ID=2
DELETE FROM SUBCATEGORY WHERE ID=1
INSERT INTO SUBCATEGORY VALUES(1,0,'casa',1)
INSERT INTO SUBCATEGORY VALUES(2,0,'residencias',1)
INSERT INTO SUBCATEGORY VALUES(3,0,'residencias / mansiones',1)
INSERT INTO SUBCATEGORY VALUES(4,0,'automotores',2)
INSERT INTO SUBCATEGORY VALUES(5,0,'motos',2)
INSERT INTO SUBCATEGORY VALUES(6,0,'bicicletas',2)
DELETE FROM SUBCATEGORY WHERE ID=1
INSERT INTO SUBCATEGORY VALUES(1,2,'casa',1)
DELETE FROM SUBCATEGORY WHERE ID=2
INSERT INTO SUBCATEGORY VALUES(2,3,'residencias',1)
DELETE FROM SUBCATEGORY WHERE ID=3
INSERT INTO SUBCATEGORY VALUES(3,2,'residencias / mansiones',1)
DELETE FROM SUBCATEGORY WHERE ID=5
INSERT INTO SUBCATEGORY VALUES(5,1,'motos',2)
DELETE FROM SUBCATEGORY WHERE ID=6
INSERT INTO SUBCATEGORY VALUES(6,1,'bicicletas',2)
COMMIT
SET AUTOCOMMIT TRUE
SET AUTOCOMMIT FALSE
INSERT INTO AD VALUES(10,'','Content 3','','fd@fd.com',0,'',0,0,'1233','2010-11-07',NULL,0,99.77,'Title 3','',NULL,1,2,NULL)
COMMIT
SET AUTOCOMMIT TRUE
SET AUTOCOMMIT FALSE
SET AUTOCOMMIT TRUE
SET AUTOCOMMIT FALSE
SET AUTOCOMMIT TRUE
SET AUTOCOMMIT FALSE
SET AUTOCOMMIT TRUE
SET AUTOCOMMIT FALSE
SET AUTOCOMMIT TRUE
SET AUTOCOMMIT FALSE
SET AUTOCOMMIT TRUE
SET AUTOCOMMIT FALSE
SET AUTOCOMMIT TRUE
SET AUTOCOMMIT FALSE
DELETE FROM MAINCATEGORY WHERE ID=2
DELETE FROM MAINCATEGORY WHERE ID=1
INSERT INTO MAINCATEGORY VALUES(1,0,'inmuebles')
INSERT INTO MAINCATEGORY VALUES(2,0,'medio de transporte')
DELETE FROM MAINCATEGORY WHERE ID=1
INSERT INTO MAINCATEGORY VALUES(1,8,'inmuebles')
DELETE FROM MAINCATEGORY WHERE ID=2
INSERT INTO MAINCATEGORY VALUES(2,2,'medio de transporte')
DELETE FROM SUBCATEGORY WHERE ID=6
DELETE FROM SUBCATEGORY WHERE ID=5
DELETE FROM SUBCATEGORY WHERE ID=4
DELETE FROM SUBCATEGORY WHERE ID=3
DELETE FROM SUBCATEGORY WHERE ID=2
DELETE FROM SUBCATEGORY WHERE ID=1
INSERT INTO SUBCATEGORY VALUES(1,0,'casa',1)
INSERT INTO SUBCATEGORY VALUES(2,0,'residencias',1)
INSERT INTO SUBCATEGORY VALUES(3,0,'residencias / mansiones',1)
INSERT INTO SUBCATEGORY VALUES(4,0,'automotores',2)
INSERT INTO SUBCATEGORY VALUES(5,0,'motos',2)
INSERT INTO SUBCATEGORY VALUES(6,0,'bicicletas',2)
DELETE FROM SUBCATEGORY WHERE ID=1
INSERT INTO SUBCATEGORY VALUES(1,2,'casa',1)
DELETE FROM SUBCATEGORY WHERE ID=2
INSERT INTO SUBCATEGORY VALUES(2,4,'residencias',1)
DELETE FROM SUBCATEGORY WHERE ID=3
INSERT INTO SUBCATEGORY VALUES(3,2,'residencias / mansiones',1)
DELETE FROM SUBCATEGORY WHERE ID=5
INSERT INTO SUBCATEGORY VALUES(5,1,'motos',2)
DELETE FROM SUBCATEGORY WHERE ID=6
INSERT INTO SUBCATEGORY VALUES(6,1,'bicicletas',2)
COMMIT
SET AUTOCOMMIT TRUE
SET AUTOCOMMIT FALSE
DELETE FROM MAINCATEGORY WHERE ID=2
DELETE FROM MAINCATEGORY WHERE ID=1
INSERT INTO MAINCATEGORY VALUES(1,0,'inmuebles')
INSERT INTO MAINCATEGORY VALUES(2,0,'medio de transporte')
DELETE FROM MAINCATEGORY WHERE ID=1
INSERT INTO MAINCATEGORY VALUES(1,8,'inmuebles')
DELETE FROM MAINCATEGORY WHERE ID=2
INSERT INTO MAINCATEGORY VALUES(2,2,'medio de transporte')
DELETE FROM SUBCATEGORY WHERE ID=6
DELETE FROM SUBCATEGORY WHERE ID=5
DELETE FROM SUBCATEGORY WHERE ID=4
DELETE FROM SUBCATEGORY WHERE ID=3
DELETE FROM SUBCATEGORY WHERE ID=2
DELETE FROM SUBCATEGORY WHERE ID=1
INSERT INTO SUBCATEGORY VALUES(1,0,'casa',1)
INSERT INTO SUBCATEGORY VALUES(2,0,'residencias',1)
INSERT INTO SUBCATEGORY VALUES(3,0,'residencias / mansiones',1)
INSERT INTO SUBCATEGORY VALUES(4,0,'automotores',2)
INSERT INTO SUBCATEGORY VALUES(5,0,'motos',2)
INSERT INTO SUBCATEGORY VALUES(6,0,'bicicletas',2)
DELETE FROM SUBCATEGORY WHERE ID=1
INSERT INTO SUBCATEGORY VALUES(1,2,'casa',1)
DELETE FROM SUBCATEGORY WHERE ID=2
INSERT INTO SUBCATEGORY VALUES(2,4,'residencias',1)
DELETE FROM SUBCATEGORY WHERE ID=3
INSERT INTO SUBCATEGORY VALUES(3,2,'residencias / mansiones',1)
DELETE FROM SUBCATEGORY WHERE ID=5
INSERT INTO SUBCATEGORY VALUES(5,1,'motos',2)
DELETE FROM SUBCATEGORY WHERE ID=6
INSERT INTO SUBCATEGORY VALUES(6,1,'bicicletas',2)
COMMIT
SET AUTOCOMMIT TRUE
SET AUTOCOMMIT FALSE
DELETE FROM MAINCATEGORY WHERE ID=2
DELETE FROM MAINCATEGORY WHERE ID=1
INSERT INTO MAINCATEGORY VALUES(1,0,'inmuebles')
INSERT INTO MAINCATEGORY VALUES(2,0,'medio de transporte')
DELETE FROM MAINCATEGORY WHERE ID=1
INSERT INTO MAINCATEGORY VALUES(1,8,'inmuebles')
DELETE FROM MAINCATEGORY WHERE ID=2
INSERT INTO MAINCATEGORY VALUES(2,2,'medio de transporte')
DELETE FROM SUBCATEGORY WHERE ID=6
DELETE FROM SUBCATEGORY WHERE ID=5
DELETE FROM SUBCATEGORY WHERE ID=4
DELETE FROM SUBCATEGORY WHERE ID=3
DELETE FROM SUBCATEGORY WHERE ID=2
DELETE FROM SUBCATEGORY WHERE ID=1
INSERT INTO SUBCATEGORY VALUES(1,0,'casa',1)
INSERT INTO SUBCATEGORY VALUES(2,0,'residencias',1)
INSERT INTO SUBCATEGORY VALUES(3,0,'residencias / mansiones',1)
INSERT INTO SUBCATEGORY VALUES(4,0,'automotores',2)
INSERT INTO SUBCATEGORY VALUES(5,0,'motos',2)
INSERT INTO SUBCATEGORY VALUES(6,0,'bicicletas',2)
DELETE FROM SUBCATEGORY WHERE ID=1
INSERT INTO SUBCATEGORY VALUES(1,2,'casa',1)
DELETE FROM SUBCATEGORY WHERE ID=2
INSERT INTO SUBCATEGORY VALUES(2,4,'residencias',1)
DELETE FROM SUBCATEGORY WHERE ID=3
INSERT INTO SUBCATEGORY VALUES(3,2,'residencias / mansiones',1)
DELETE FROM SUBCATEGORY WHERE ID=5
INSERT INTO SUBCATEGORY VALUES(5,1,'motos',2)
DELETE FROM SUBCATEGORY WHERE ID=6
INSERT INTO SUBCATEGORY VALUES(6,1,'bicicletas',2)
COMMIT
SET AUTOCOMMIT TRUE
SET AUTOCOMMIT FALSE
DELETE FROM MAINCATEGORY WHERE ID=2
DELETE FROM MAINCATEGORY WHERE ID=1
INSERT INTO MAINCATEGORY VALUES(1,0,'inmuebles')
INSERT INTO MAINCATEGORY VALUES(2,0,'medio de transporte')
DELETE FROM MAINCATEGORY WHERE ID=1
INSERT INTO MAINCATEGORY VALUES(1,8,'inmuebles')
DELETE FROM MAINCATEGORY WHERE ID=2
INSERT INTO MAINCATEGORY VALUES(2,2,'medio de transporte')
DELETE FROM SUBCATEGORY WHERE ID=6
DELETE FROM SUBCATEGORY WHERE ID=5
DELETE FROM SUBCATEGORY WHERE ID=4
DELETE FROM SUBCATEGORY WHERE ID=3
DELETE FROM SUBCATEGORY WHERE ID=2
DELETE FROM SUBCATEGORY WHERE ID=1
INSERT INTO SUBCATEGORY VALUES(1,0,'casa',1)
INSERT INTO SUBCATEGORY VALUES(2,0,'residencias',1)
INSERT INTO SUBCATEGORY VALUES(3,0,'residencias / mansiones',1)
INSERT INTO SUBCATEGORY VALUES(4,0,'automotores',2)
INSERT INTO SUBCATEGORY VALUES(5,0,'motos',2)
INSERT INTO SUBCATEGORY VALUES(6,0,'bicicletas',2)
DELETE FROM SUBCATEGORY WHERE ID=1
INSERT INTO SUBCATEGORY VALUES(1,2,'casa',1)
DELETE FROM SUBCATEGORY WHERE ID=2
INSERT INTO SUBCATEGORY VALUES(2,4,'residencias',1)
DELETE FROM SUBCATEGORY WHERE ID=3
INSERT INTO SUBCATEGORY VALUES(3,2,'residencias / mansiones',1)
DELETE FROM SUBCATEGORY WHERE ID=5
INSERT INTO SUBCATEGORY VALUES(5,1,'motos',2)
DELETE FROM SUBCATEGORY WHERE ID=6
INSERT INTO SUBCATEGORY VALUES(6,1,'bicicletas',2)
COMMIT
SET AUTOCOMMIT TRUE
SET AUTOCOMMIT FALSE
DELETE FROM MAINCATEGORY WHERE ID=2
DELETE FROM MAINCATEGORY WHERE ID=1
INSERT INTO MAINCATEGORY VALUES(1,0,'inmuebles')
INSERT INTO MAINCATEGORY VALUES(2,0,'medio de transporte')
DELETE FROM MAINCATEGORY WHERE ID=1
INSERT INTO MAINCATEGORY VALUES(1,8,'inmuebles')
DELETE FROM MAINCATEGORY WHERE ID=2
INSERT INTO MAINCATEGORY VALUES(2,2,'medio de transporte')
DELETE FROM SUBCATEGORY WHERE ID=6
DELETE FROM SUBCATEGORY WHERE ID=5
DELETE FROM SUBCATEGORY WHERE ID=4
DELETE FROM SUBCATEGORY WHERE ID=3
DELETE FROM SUBCATEGORY WHERE ID=2
DELETE FROM SUBCATEGORY WHERE ID=1
INSERT INTO SUBCATEGORY VALUES(1,0,'casa',1)
INSERT INTO SUBCATEGORY VALUES(2,0,'residencias',1)
INSERT INTO SUBCATEGORY VALUES(3,0,'residencias / mansiones',1)
INSERT INTO SUBCATEGORY VALUES(4,0,'automotores',2)
INSERT INTO SUBCATEGORY VALUES(5,0,'motos',2)
INSERT INTO SUBCATEGORY VALUES(6,0,'bicicletas',2)
DELETE FROM SUBCATEGORY WHERE ID=1
INSERT INTO SUBCATEGORY VALUES(1,2,'casa',1)
DELETE FROM SUBCATEGORY WHERE ID=2
INSERT INTO SUBCATEGORY VALUES(2,4,'residencias',1)
DELETE FROM SUBCATEGORY WHERE ID=3
INSERT INTO SUBCATEGORY VALUES(3,2,'residencias / mansiones',1)
DELETE FROM SUBCATEGORY WHERE ID=5
INSERT INTO SUBCATEGORY VALUES(5,1,'motos',2)
DELETE FROM SUBCATEGORY WHERE ID=6
INSERT INTO SUBCATEGORY VALUES(6,1,'bicicletas',2)
COMMIT
SET AUTOCOMMIT TRUE
SET AUTOCOMMIT FALSE
DELETE FROM MAINCATEGORY WHERE ID=2
DELETE FROM MAINCATEGORY WHERE ID=1
INSERT INTO MAINCATEGORY VALUES(1,0,'inmuebles')
INSERT INTO MAINCATEGORY VALUES(2,0,'medio de transporte')
DELETE FROM MAINCATEGORY WHERE ID=1
INSERT INTO MAINCATEGORY VALUES(1,8,'inmuebles')
DELETE FROM MAINCATEGORY WHERE ID=2
INSERT INTO MAINCATEGORY VALUES(2,2,'medio de transporte')
DELETE FROM SUBCATEGORY WHERE ID=6
DELETE FROM SUBCATEGORY WHERE ID=5
DELETE FROM SUBCATEGORY WHERE ID=4
DELETE FROM SUBCATEGORY WHERE ID=3
DELETE FROM SUBCATEGORY WHERE ID=2
DELETE FROM SUBCATEGORY WHERE ID=1
INSERT INTO SUBCATEGORY VALUES(1,0,'casa',1)
INSERT INTO SUBCATEGORY VALUES(2,0,'residencias',1)
INSERT INTO SUBCATEGORY VALUES(3,0,'residencias / mansiones',1)
INSERT INTO SUBCATEGORY VALUES(4,0,'automotores',2)
INSERT INTO SUBCATEGORY VALUES(5,0,'motos',2)
INSERT INTO SUBCATEGORY VALUES(6,0,'bicicletas',2)
DELETE FROM SUBCATEGORY WHERE ID=1
INSERT INTO SUBCATEGORY VALUES(1,2,'casa',1)
DELETE FROM SUBCATEGORY WHERE ID=2
INSERT INTO SUBCATEGORY VALUES(2,4,'residencias',1)
DELETE FROM SUBCATEGORY WHERE ID=3
INSERT INTO SUBCATEGORY VALUES(3,2,'residencias / mansiones',1)
DELETE FROM SUBCATEGORY WHERE ID=5
INSERT INTO SUBCATEGORY VALUES(5,1,'motos',2)
DELETE FROM SUBCATEGORY WHERE ID=6
INSERT INTO SUBCATEGORY VALUES(6,1,'bicicletas',2)
COMMIT
SET AUTOCOMMIT TRUE
alter table Ad add column handOvoer integer
SET AUTOCOMMIT FALSE
SET AUTOCOMMIT TRUE
SET AUTOCOMMIT FALSE
DELETE FROM MAINCATEGORY WHERE ID=2
DELETE FROM MAINCATEGORY WHERE ID=1
INSERT INTO MAINCATEGORY VALUES(1,0,'inmuebles')
INSERT INTO MAINCATEGORY VALUES(2,0,'medio de transporte')
DELETE FROM MAINCATEGORY WHERE ID=1
INSERT INTO MAINCATEGORY VALUES(1,8,'inmuebles')
DELETE FROM MAINCATEGORY WHERE ID=2
INSERT INTO MAINCATEGORY VALUES(2,2,'medio de transporte')
DELETE FROM SUBCATEGORY WHERE ID=6
DELETE FROM SUBCATEGORY WHERE ID=5
DELETE FROM SUBCATEGORY WHERE ID=4
DELETE FROM SUBCATEGORY WHERE ID=3
DELETE FROM SUBCATEGORY WHERE ID=2
DELETE FROM SUBCATEGORY WHERE ID=1
INSERT INTO SUBCATEGORY VALUES(1,0,'casa',1)
INSERT INTO SUBCATEGORY VALUES(2,0,'residencias',1)
INSERT INTO SUBCATEGORY VALUES(3,0,'residencias / mansiones',1)
INSERT INTO SUBCATEGORY VALUES(4,0,'automotores',2)
INSERT INTO SUBCATEGORY VALUES(5,0,'motos',2)
INSERT INTO SUBCATEGORY VALUES(6,0,'bicicletas',2)
DELETE FROM SUBCATEGORY WHERE ID=1
INSERT INTO SUBCATEGORY VALUES(1,2,'casa',1)
DELETE FROM SUBCATEGORY WHERE ID=2
INSERT INTO SUBCATEGORY VALUES(2,4,'residencias',1)
DELETE FROM SUBCATEGORY WHERE ID=3
INSERT INTO SUBCATEGORY VALUES(3,2,'residencias / mansiones',1)
DELETE FROM SUBCATEGORY WHERE ID=5
INSERT INTO SUBCATEGORY VALUES(5,1,'motos',2)
DELETE FROM SUBCATEGORY WHERE ID=6
INSERT INTO SUBCATEGORY VALUES(6,1,'bicicletas',2)
COMMIT
SET AUTOCOMMIT TRUE
SET AUTOCOMMIT FALSE
SET AUTOCOMMIT TRUE
SET AUTOCOMMIT FALSE
SET AUTOCOMMIT TRUE
SET AUTOCOMMIT FALSE
DELETE FROM MAINCATEGORY WHERE ID=2
DELETE FROM MAINCATEGORY WHERE ID=1
INSERT INTO MAINCATEGORY VALUES(1,0,'inmuebles')
INSERT INTO MAINCATEGORY VALUES(2,0,'medio de transporte')
DELETE FROM MAINCATEGORY WHERE ID=1
INSERT INTO MAINCATEGORY VALUES(1,8,'inmuebles')
DELETE FROM MAINCATEGORY WHERE ID=2
INSERT INTO MAINCATEGORY VALUES(2,2,'medio de transporte')
DELETE FROM SUBCATEGORY WHERE ID=6
DELETE FROM SUBCATEGORY WHERE ID=5
DELETE FROM SUBCATEGORY WHERE ID=4
DELETE FROM SUBCATEGORY WHERE ID=3
DELETE FROM SUBCATEGORY WHERE ID=2
DELETE FROM SUBCATEGORY WHERE ID=1
INSERT INTO SUBCATEGORY VALUES(1,0,'casa',1)
INSERT INTO SUBCATEGORY VALUES(2,0,'residencias',1)
INSERT INTO SUBCATEGORY VALUES(3,0,'residencias / mansiones',1)
INSERT INTO SUBCATEGORY VALUES(4,0,'automotores',2)
INSERT INTO SUBCATEGORY VALUES(5,0,'motos',2)
INSERT INTO SUBCATEGORY VALUES(6,0,'bicicletas',2)
DELETE FROM SUBCATEGORY WHERE ID=1
INSERT INTO SUBCATEGORY VALUES(1,2,'casa',1)
DELETE FROM SUBCATEGORY WHERE ID=2
INSERT INTO SUBCATEGORY VALUES(2,4,'residencias',1)
DELETE FROM SUBCATEGORY WHERE ID=3
INSERT INTO SUBCATEGORY VALUES(3,2,'residencias / mansiones',1)
DELETE FROM SUBCATEGORY WHERE ID=5
INSERT INTO SUBCATEGORY VALUES(5,1,'motos',2)
DELETE FROM SUBCATEGORY WHERE ID=6
INSERT INTO SUBCATEGORY VALUES(6,1,'bicicletas',2)
COMMIT
SET AUTOCOMMIT TRUE
SET AUTOCOMMIT FALSE
SET AUTOCOMMIT TRUE
SET AUTOCOMMIT FALSE
SET AUTOCOMMIT TRUE
SET AUTOCOMMIT FALSE
INSERT INTO AD VALUES(11,'','Content 0','','fd@fd.com',0,'',0,0,'1230','2010-11-07',NULL,0,99564.77,'Title 43','',NULL,1,3,NULL,NULL)
COMMIT
SET AUTOCOMMIT TRUE
SET AUTOCOMMIT FALSE
SET AUTOCOMMIT TRUE
SET AUTOCOMMIT FALSE
SET AUTOCOMMIT TRUE
SET AUTOCOMMIT FALSE
SET AUTOCOMMIT TRUE
SET AUTOCOMMIT FALSE
SET AUTOCOMMIT TRUE
SET AUTOCOMMIT FALSE
SET AUTOCOMMIT TRUE
SET AUTOCOMMIT FALSE
DELETE FROM MAINCATEGORY WHERE ID=2
DELETE FROM MAINCATEGORY WHERE ID=1
INSERT INTO MAINCATEGORY VALUES(1,0,'inmuebles')
INSERT INTO MAINCATEGORY VALUES(2,0,'medio de transporte')
DELETE FROM MAINCATEGORY WHERE ID=1
INSERT INTO MAINCATEGORY VALUES(1,9,'inmuebles')
DELETE FROM MAINCATEGORY WHERE ID=2
INSERT INTO MAINCATEGORY VALUES(2,2,'medio de transporte')
DELETE FROM SUBCATEGORY WHERE ID=6
DELETE FROM SUBCATEGORY WHERE ID=5
DELETE FROM SUBCATEGORY WHERE ID=4
DELETE FROM SUBCATEGORY WHERE ID=3
DELETE FROM SUBCATEGORY WHERE ID=2
DELETE FROM SUBCATEGORY WHERE ID=1
INSERT INTO SUBCATEGORY VALUES(1,0,'casa',1)
INSERT INTO SUBCATEGORY VALUES(2,0,'residencias',1)
INSERT INTO SUBCATEGORY VALUES(3,0,'residencias / mansiones',1)
INSERT INTO SUBCATEGORY VALUES(4,0,'automotores',2)
INSERT INTO SUBCATEGORY VALUES(5,0,'motos',2)
INSERT INTO SUBCATEGORY VALUES(6,0,'bicicletas',2)
DELETE FROM SUBCATEGORY WHERE ID=1
INSERT INTO SUBCATEGORY VALUES(1,2,'casa',1)
DELETE FROM SUBCATEGORY WHERE ID=2
INSERT INTO SUBCATEGORY VALUES(2,4,'residencias',1)
DELETE FROM SUBCATEGORY WHERE ID=3
INSERT INTO SUBCATEGORY VALUES(3,3,'residencias / mansiones',1)
DELETE FROM SUBCATEGORY WHERE ID=5
INSERT INTO SUBCATEGORY VALUES(5,1,'motos',2)
DELETE FROM SUBCATEGORY WHERE ID=6
INSERT INTO SUBCATEGORY VALUES(6,1,'bicicletas',2)
COMMIT
SET AUTOCOMMIT TRUE
SET AUTOCOMMIT FALSE
SET AUTOCOMMIT TRUE
SET AUTOCOMMIT FALSE
DELETE FROM MAINCATEGORY WHERE ID=2
DELETE FROM MAINCATEGORY WHERE ID=1
INSERT INTO MAINCATEGORY VALUES(1,0,'inmuebles')
INSERT INTO MAINCATEGORY VALUES(2,0,'medio de transporte')
DELETE FROM MAINCATEGORY WHERE ID=1
INSERT INTO MAINCATEGORY VALUES(1,9,'inmuebles')
DELETE FROM MAINCATEGORY WHERE ID=2
INSERT INTO MAINCATEGORY VALUES(2,2,'medio de transporte')
DELETE FROM SUBCATEGORY WHERE ID=6
DELETE FROM SUBCATEGORY WHERE ID=5
DELETE FROM SUBCATEGORY WHERE ID=4
DELETE FROM SUBCATEGORY WHERE ID=3
DELETE FROM SUBCATEGORY WHERE ID=2
DELETE FROM SUBCATEGORY WHERE ID=1
INSERT INTO SUBCATEGORY VALUES(1,0,'casa',1)
INSERT INTO SUBCATEGORY VALUES(2,0,'residencias',1)
INSERT INTO SUBCATEGORY VALUES(3,0,'residencias / mansiones',1)
INSERT INTO SUBCATEGORY VALUES(4,0,'automotores',2)
INSERT INTO SUBCATEGORY VALUES(5,0,'motos',2)
INSERT INTO SUBCATEGORY VALUES(6,0,'bicicletas',2)
DELETE FROM SUBCATEGORY WHERE ID=1
INSERT INTO SUBCATEGORY VALUES(1,2,'casa',1)
DELETE FROM SUBCATEGORY WHERE ID=2
INSERT INTO SUBCATEGORY VALUES(2,4,'residencias',1)
DELETE FROM SUBCATEGORY WHERE ID=3
INSERT INTO SUBCATEGORY VALUES(3,3,'residencias / mansiones',1)
DELETE FROM SUBCATEGORY WHERE ID=5
INSERT INTO SUBCATEGORY VALUES(5,1,'motos',2)
DELETE FROM SUBCATEGORY WHERE ID=6
INSERT INTO SUBCATEGORY VALUES(6,1,'bicicletas',2)
COMMIT
SET AUTOCOMMIT TRUE
SET AUTOCOMMIT FALSE
DELETE FROM MAINCATEGORY WHERE ID=2
DELETE FROM MAINCATEGORY WHERE ID=1
INSERT INTO MAINCATEGORY VALUES(1,0,'inmuebles')
INSERT INTO MAINCATEGORY VALUES(2,0,'medio de transporte')
DELETE FROM MAINCATEGORY WHERE ID=1
INSERT INTO MAINCATEGORY VALUES(1,9,'inmuebles')
DELETE FROM MAINCATEGORY WHERE ID=2
INSERT INTO MAINCATEGORY VALUES(2,2,'medio de transporte')
DELETE FROM SUBCATEGORY WHERE ID=6
DELETE FROM SUBCATEGORY WHERE ID=5
DELETE FROM SUBCATEGORY WHERE ID=4
DELETE FROM SUBCATEGORY WHERE ID=3
DELETE FROM SUBCATEGORY WHERE ID=2
DELETE FROM SUBCATEGORY WHERE ID=1
INSERT INTO SUBCATEGORY VALUES(1,0,'casa',1)
INSERT INTO SUBCATEGORY VALUES(2,0,'residencias',1)
INSERT INTO SUBCATEGORY VALUES(3,0,'residencias / mansiones',1)
INSERT INTO SUBCATEGORY VALUES(4,0,'automotores',2)
INSERT INTO SUBCATEGORY VALUES(5,0,'motos',2)
INSERT INTO SUBCATEGORY VALUES(6,0,'bicicletas',2)
DELETE FROM SUBCATEGORY WHERE ID=1
INSERT INTO SUBCATEGORY VALUES(1,2,'casa',1)
DELETE FROM SUBCATEGORY WHERE ID=2
INSERT INTO SUBCATEGORY VALUES(2,4,'residencias',1)
DELETE FROM SUBCATEGORY WHERE ID=3
INSERT INTO SUBCATEGORY VALUES(3,3,'residencias / mansiones',1)
DELETE FROM SUBCATEGORY WHERE ID=5
INSERT INTO SUBCATEGORY VALUES(5,1,'motos',2)
DELETE FROM SUBCATEGORY WHERE ID=6
INSERT INTO SUBCATEGORY VALUES(6,1,'bicicletas',2)
COMMIT
SET AUTOCOMMIT TRUE
SET AUTOCOMMIT FALSE
DELETE FROM MAINCATEGORY WHERE ID=2
DELETE FROM MAINCATEGORY WHERE ID=1
INSERT INTO MAINCATEGORY VALUES(1,0,'inmuebles')
INSERT INTO MAINCATEGORY VALUES(2,0,'medio de transporte')
DELETE FROM MAINCATEGORY WHERE ID=1
INSERT INTO MAINCATEGORY VALUES(1,9,'inmuebles')
DELETE FROM MAINCATEGORY WHERE ID=2
INSERT INTO MAINCATEGORY VALUES(2,2,'medio de transporte')
DELETE FROM SUBCATEGORY WHERE ID=6
DELETE FROM SUBCATEGORY WHERE ID=5
DELETE FROM SUBCATEGORY WHERE ID=4
DELETE FROM SUBCATEGORY WHERE ID=3
DELETE FROM SUBCATEGORY WHERE ID=2
DELETE FROM SUBCATEGORY WHERE ID=1
INSERT INTO SUBCATEGORY VALUES(1,0,'casa',1)
INSERT INTO SUBCATEGORY VALUES(2,0,'residencias',1)
INSERT INTO SUBCATEGORY VALUES(3,0,'residencias / mansiones',1)
INSERT INTO SUBCATEGORY VALUES(4,0,'automotores',2)
INSERT INTO SUBCATEGORY VALUES(5,0,'motos',2)
INSERT INTO SUBCATEGORY VALUES(6,0,'bicicletas',2)
DELETE FROM SUBCATEGORY WHERE ID=1
INSERT INTO SUBCATEGORY VALUES(1,2,'casa',1)
DELETE FROM SUBCATEGORY WHERE ID=2
INSERT INTO SUBCATEGORY VALUES(2,4,'residencias',1)
DELETE FROM SUBCATEGORY WHERE ID=3
INSERT INTO SUBCATEGORY VALUES(3,3,'residencias / mansiones',1)
DELETE FROM SUBCATEGORY WHERE ID=5
INSERT INTO SUBCATEGORY VALUES(5,1,'motos',2)
DELETE FROM SUBCATEGORY WHERE ID=6
INSERT INTO SUBCATEGORY VALUES(6,1,'bicicletas',2)
COMMIT
SET AUTOCOMMIT TRUE
SET AUTOCOMMIT FALSE
DELETE FROM MAINCATEGORY WHERE ID=2
DELETE FROM MAINCATEGORY WHERE ID=1
INSERT INTO MAINCATEGORY VALUES(1,0,'inmuebles')
INSERT INTO MAINCATEGORY VALUES(2,0,'medio de transporte')
DELETE FROM MAINCATEGORY WHERE ID=1
INSERT INTO MAINCATEGORY VALUES(1,9,'inmuebles')
DELETE FROM MAINCATEGORY WHERE ID=2
INSERT INTO MAINCATEGORY VALUES(2,2,'medio de transporte')
DELETE FROM SUBCATEGORY WHERE ID=6
DELETE FROM SUBCATEGORY WHERE ID=5
DELETE FROM SUBCATEGORY WHERE ID=4
DELETE FROM SUBCATEGORY WHERE ID=3
DELETE FROM SUBCATEGORY WHERE ID=2
DELETE FROM SUBCATEGORY WHERE ID=1
INSERT INTO SUBCATEGORY VALUES(1,0,'casa',1)
INSERT INTO SUBCATEGORY VALUES(2,0,'residencias',1)
INSERT INTO SUBCATEGORY VALUES(3,0,'residencias / mansiones',1)
INSERT INTO SUBCATEGORY VALUES(4,0,'automotores',2)
INSERT INTO SUBCATEGORY VALUES(5,0,'motos',2)
INSERT INTO SUBCATEGORY VALUES(6,0,'bicicletas',2)
DELETE FROM SUBCATEGORY WHERE ID=1
INSERT INTO SUBCATEGORY VALUES(1,2,'casa',1)
DELETE FROM SUBCATEGORY WHERE ID=2
INSERT INTO SUBCATEGORY VALUES(2,4,'residencias',1)
DELETE FROM SUBCATEGORY WHERE ID=3
INSERT INTO SUBCATEGORY VALUES(3,3,'residencias / mansiones',1)
DELETE FROM SUBCATEGORY WHERE ID=5
INSERT INTO SUBCATEGORY VALUES(5,1,'motos',2)
DELETE FROM SUBCATEGORY WHERE ID=6
INSERT INTO SUBCATEGORY VALUES(6,1,'bicicletas',2)
COMMIT
SET AUTOCOMMIT TRUE
SET AUTOCOMMIT FALSE
DELETE FROM MAINCATEGORY WHERE ID=2
DELETE FROM MAINCATEGORY WHERE ID=1
INSERT INTO MAINCATEGORY VALUES(1,0,'inmuebles')
INSERT INTO MAINCATEGORY VALUES(2,0,'medio de transporte')
DELETE FROM MAINCATEGORY WHERE ID=1
INSERT INTO MAINCATEGORY VALUES(1,9,'inmuebles')
DELETE FROM MAINCATEGORY WHERE ID=2
INSERT INTO MAINCATEGORY VALUES(2,2,'medio de transporte')
DELETE FROM SUBCATEGORY WHERE ID=6
DELETE FROM SUBCATEGORY WHERE ID=5
DELETE FROM SUBCATEGORY WHERE ID=4
DELETE FROM SUBCATEGORY WHERE ID=3
DELETE FROM SUBCATEGORY WHERE ID=2
DELETE FROM SUBCATEGORY WHERE ID=1
INSERT INTO SUBCATEGORY VALUES(1,0,'casa',1)
INSERT INTO SUBCATEGORY VALUES(2,0,'residencias',1)
INSERT INTO SUBCATEGORY VALUES(3,0,'residencias / mansiones',1)
INSERT INTO SUBCATEGORY VALUES(4,0,'automotores',2)
INSERT INTO SUBCATEGORY VALUES(5,0,'motos',2)
INSERT INTO SUBCATEGORY VALUES(6,0,'bicicletas',2)
DELETE FROM SUBCATEGORY WHERE ID=1
INSERT INTO SUBCATEGORY VALUES(1,2,'casa',1)
DELETE FROM SUBCATEGORY WHERE ID=2
INSERT INTO SUBCATEGORY VALUES(2,4,'residencias',1)
DELETE FROM SUBCATEGORY WHERE ID=3
INSERT INTO SUBCATEGORY VALUES(3,3,'residencias / mansiones',1)
DELETE FROM SUBCATEGORY WHERE ID=5
INSERT INTO SUBCATEGORY VALUES(5,1,'motos',2)
DELETE FROM SUBCATEGORY WHERE ID=6
INSERT INTO SUBCATEGORY VALUES(6,1,'bicicletas',2)
COMMIT
SET AUTOCOMMIT TRUE
SET AUTOCOMMIT FALSE
DELETE FROM MAINCATEGORY WHERE ID=2
DELETE FROM MAINCATEGORY WHERE ID=1
INSERT INTO MAINCATEGORY VALUES(1,0,'inmuebles')
INSERT INTO MAINCATEGORY VALUES(2,0,'medio de transporte')
DELETE FROM MAINCATEGORY WHERE ID=1
INSERT INTO MAINCATEGORY VALUES(1,9,'inmuebles')
DELETE FROM MAINCATEGORY WHERE ID=2
INSERT INTO MAINCATEGORY VALUES(2,2,'medio de transporte')
DELETE FROM SUBCATEGORY WHERE ID=6
DELETE FROM SUBCATEGORY WHERE ID=5
DELETE FROM SUBCATEGORY WHERE ID=4
DELETE FROM SUBCATEGORY WHERE ID=3
DELETE FROM SUBCATEGORY WHERE ID=2
DELETE FROM SUBCATEGORY WHERE ID=1
INSERT INTO SUBCATEGORY VALUES(1,0,'casa',1)
INSERT INTO SUBCATEGORY VALUES(2,0,'residencias',1)
INSERT INTO SUBCATEGORY VALUES(3,0,'residencias / mansiones',1)
INSERT INTO SUBCATEGORY VALUES(4,0,'automotores',2)
INSERT INTO SUBCATEGORY VALUES(5,0,'motos',2)
INSERT INTO SUBCATEGORY VALUES(6,0,'bicicletas',2)
DELETE FROM SUBCATEGORY WHERE ID=1
INSERT INTO SUBCATEGORY VALUES(1,2,'casa',1)
DELETE FROM SUBCATEGORY WHERE ID=2
INSERT INTO SUBCATEGORY VALUES(2,4,'residencias',1)
DELETE FROM SUBCATEGORY WHERE ID=3
INSERT INTO SUBCATEGORY VALUES(3,3,'residencias / mansiones',1)
DELETE FROM SUBCATEGORY WHERE ID=5
INSERT INTO SUBCATEGORY VALUES(5,1,'motos',2)
DELETE FROM SUBCATEGORY WHERE ID=6
INSERT INTO SUBCATEGORY VALUES(6,1,'bicicletas',2)
COMMIT
SET AUTOCOMMIT TRUE
SET AUTOCOMMIT FALSE
DELETE FROM MAINCATEGORY WHERE ID=2
DELETE FROM MAINCATEGORY WHERE ID=1
INSERT INTO MAINCATEGORY VALUES(1,0,'inmuebles')
INSERT INTO MAINCATEGORY VALUES(2,0,'medio de transporte')
DELETE FROM MAINCATEGORY WHERE ID=1
INSERT INTO MAINCATEGORY VALUES(1,9,'inmuebles')
DELETE FROM MAINCATEGORY WHERE ID=2
INSERT INTO MAINCATEGORY VALUES(2,2,'medio de transporte')
DELETE FROM SUBCATEGORY WHERE ID=6
DELETE FROM SUBCATEGORY WHERE ID=5
DELETE FROM SUBCATEGORY WHERE ID=4
DELETE FROM SUBCATEGORY WHERE ID=3
DELETE FROM SUBCATEGORY WHERE ID=2
DELETE FROM SUBCATEGORY WHERE ID=1
INSERT INTO SUBCATEGORY VALUES(1,0,'casa',1)
INSERT INTO SUBCATEGORY VALUES(2,0,'residencias',1)
INSERT INTO SUBCATEGORY VALUES(3,0,'residencias / mansiones',1)
INSERT INTO SUBCATEGORY VALUES(4,0,'automotores',2)
INSERT INTO SUBCATEGORY VALUES(5,0,'motos',2)
INSERT INTO SUBCATEGORY VALUES(6,0,'bicicletas',2)
DELETE FROM SUBCATEGORY WHERE ID=1
INSERT INTO SUBCATEGORY VALUES(1,2,'casa',1)
DELETE FROM SUBCATEGORY WHERE ID=2
INSERT INTO SUBCATEGORY VALUES(2,4,'residencias',1)
DELETE FROM SUBCATEGORY WHERE ID=3
INSERT INTO SUBCATEGORY VALUES(3,3,'residencias / mansiones',1)
DELETE FROM SUBCATEGORY WHERE ID=5
INSERT INTO SUBCATEGORY VALUES(5,1,'motos',2)
DELETE FROM SUBCATEGORY WHERE ID=6
INSERT INTO SUBCATEGORY VALUES(6,1,'bicicletas',2)
COMMIT
SET AUTOCOMMIT TRUE
